0 info it worked if it ends with ok
1 verbose cli [
1 verbose cli   'C:\\Program Files\\nodejs\\node.exe',
1 verbose cli   'C:\\Users\\Octavius\\AppData\\Roaming\\npm\\node_modules\\npm\\bin\\npm-cli.js',
1 verbose cli   'run',
1 verbose cli   'watch'
1 verbose cli ]
2 info using npm@3.10.10
3 info using node@v12.14.0
4 verbose run-script [ 'prewatch', 'watch', 'postwatch' ]
5 info lifecycle CodingPhase-StarterKit@1.0.0~prewatch: CodingPhase-StarterKit@1.0.0
6 silly lifecycle CodingPhase-StarterKit@1.0.0~prewatch: no script for prewatch, continuing
7 info lifecycle CodingPhase-StarterKit@1.0.0~watch: CodingPhase-StarterKit@1.0.0
8 verbose lifecycle CodingPhase-StarterKit@1.0.0~watch: unsafe-perm in lifecycle true
9 verbose lifecycle CodingPhase-StarterKit@1.0.0~watch: PATH: C:\Users\Octavius\AppData\Roaming\npm\node_modules\npm\bin\node-gyp-bin;C:\Users\Octavius\Documents\code\portfolio\node_modules\.bin;C:\Windows\system32;C:\Windows;C:\Windows\System32\Wbem;C:\Windows\System32\WindowsPowerShell\v1.0\;C:\Windows\System32\OpenSSH\;C:\Program Files\Microsoft VS Code\bin;C:\Program Files\Git\cmd;C:\Program Files\nodejs\;C:\Program Files (x86)\Yarn\bin\;C:\Users\Octavius\AppData\Local\Microsoft\WindowsApps;C:\Users\Octavius\AppData\Roaming\npm;C:\Users\Octavius\AppData\Local\Yarn\bin
10 verbose lifecycle CodingPhase-StarterKit@1.0.0~watch: CWD: C:\Users\Octavius\Documents\code\portfolio
11 silly lifecycle CodingPhase-StarterKit@1.0.0~watch: Args: [ '/d /s /c', 'gulp' ]
12 silly lifecycle CodingPhase-StarterKit@1.0.0~watch: Returned: code: 1  signal: null
13 info lifecycle CodingPhase-StarterKit@1.0.0~watch: Failed to exec watch script
14 verbose stack Error: CodingPhase-StarterKit@1.0.0 watch: `gulp`
14 verbose stack Exit status 1
14 verbose stack     at EventEmitter.<anonymous> (C:\Users\Octavius\AppData\Roaming\npm\node_modules\npm\lib\utils\lifecycle.js:255:16)
14 verbose stack     at EventEmitter.emit (events.js:210:5)
14 verbose stack     at ChildProcess.<anonymous> (C:\Users\Octavius\AppData\Roaming\npm\node_modules\npm\lib\utils\spawn.js:40:14)
14 verbose stack     at ChildProcess.emit (events.js:210:5)
14 verbose stack     at maybeClose (internal/child_process.js:1021:16)
14 verbose stack     at Process.ChildProcess._handle.onexit (internal/child_process.js:283:5)
15 verbose pkgid CodingPhase-StarterKit@1.0.0
16 verbose cwd C:\Users\Octavius\Documents\code\portfolio
17 error Windows_NT 10.0.18362
18 error argv "C:\\Program Files\\nodejs\\node.exe" "C:\\Users\\Octavius\\AppData\\Roaming\\npm\\node_modules\\npm\\bin\\npm-cli.js" "run" "watch"
19 error node v12.14.0
20 error npm  v3.10.10
21 error code ELIFECYCLE
22 error CodingPhase-StarterKit@1.0.0 watch: `gulp`
22 error Exit status 1
23 error Failed at the CodingPhase-StarterKit@1.0.0 watch script 'gulp'.
23 error Make sure you have the latest version of node.js and npm installed.
23 error If you do, this is most likely a problem with the CodingPhase-StarterKit package,
23 error not with npm itself.
23 error Tell the author that this fails on your system:
23 error     gulp
23 error You can get information on how to open an issue for this project with:
23 error     npm bugs CodingPhase-StarterKit
23 error Or if that isn't available, you can get their info via:
23 error     npm owner ls CodingPhase-StarterKit
23 error There is likely additional logging output above.
24 verbose exit [ 1, true ]
